<?xml version="1.0" encoding="utf-8"?><testsuites name="pytest tests"><testsuite name="pytest" errors="0" failures="0" skipped="1" tests="62" time="97.272" timestamp="2026-07-11T16:57:39.718711+00:00" hostname="agent-env-4ae155ab-a5b6-4360-9ea5-2cda7165106e"><testcase classname="tests.backend_test.TestAuth" name="test_login_wrong_password" time="0.814" /><testcase classname="tests.backend_test.TestAuth" name="test_auth_me_with_token" time="0.114" /><testcase classname="tests.backend_test.TestAuth" name="test_auth_me_no_token" time="0.102" /><testcase classname="tests.backend_test.TestQueueState" name="test_queue_state_public" time="0.100" /><testcase classname="tests.backend_test.TestTickets" name="test_create_ticket_sequential" time="0.376" /><testcase classname="tests.backend_test.TestCallFlow" name="test_call_next_no_auth" time="0.197" /><testcase classname="tests.backend_test.TestCallFlow" name="test_call_next_flow" time="0.713" /><testcase classname="tests.backend_test.TestCallFlow" name="test_call_next_empty" time="0.435" /><testcase classname="tests.backend_test.TestCallFlow" name="test_recall_skip_complete" time="0.900" /><testcase classname="tests.backend_test.TestStats" name="test_stats_auth_required" time="0.139" /><testcase classname="tests.backend_test.TestStats" name="test_stats" time="0.100" /><testcase classname="tests.backend_test.TestCRUD" name="test_service_crud" time="0.476" /><testcase classname="tests.backend_test.TestCRUD" name="test_counter_crud" time="0.292" /><testcase classname="tests.backend_test.TestCRUD" name="test_settings_update" time="0.290" /><testcase classname="tests.backend_test.TestWebSocket" name="test_ws_broadcast" time="3.064" /><testcase classname="tests.test_branches" name="test_list_branches_public" time="0.239" /><testcase classname="tests.test_branches" name="test_create_branch_requires_auth" time="0.102" /><testcase classname="tests.test_branches" name="test_update_branch_requires_auth" time="0.095" /><testcase classname="tests.test_branches" name="test_delete_branch_requires_auth" time="0.101" /><testcase classname="tests.test_branches" name="test_services_counters_branch_filter" time="1.173" /><testcase classname="tests.test_branches" name="test_queue_state_filtered_and_settings" time="0.152" /><testcase classname="tests.test_branches" name="test_ticket_isolation_and_numbering" time="0.504" /><testcase classname="tests.test_branches" name="test_call_next_in_test_branch" time="0.207" /><testcase classname="tests.test_branches" name="test_stats_branch_filter" time="0.140" /><testcase classname="tests.test_branches" name="test_stats_overview" time="0.098" /><testcase classname="tests.test_branches" name="test_reset_only_target_branch" time="0.695" /><testcase classname="tests.test_branches" name="test_ws_broadcast_includes_branch_id" time="2.813" /><testcase classname="tests.test_branches" name="test_z_delete_last_branch_rejected" time="68.723"><skipped type="pytest.skip" message="Cannot reduce to 1 branch safely; 2 remain">/app/backend/tests/test_branches.py:244: Cannot reduce to 1 branch safely; 2 remain</skipped></testcase><testcase classname="tests.test_iter3.TestSeederV2" name="test_branches_seeded" time="0.116" /><testcase classname="tests.test_iter3.TestSeederV2" name="test_operator_users_seeded" time="0.442" /><testcase classname="tests.test_iter3.TestSeederV2" name="test_operator_can_login" time="0.781" /><testcase classname="tests.test_iter3.TestUsersCRUD" name="test_operator_forbidden" time="0.103" /><testcase classname="tests.test_iter3.TestUsersCRUD" name="test_no_auth_forbidden" time="0.108" /><testcase classname="tests.test_iter3.TestUsersCRUD" name="test_create_and_verify" time="0.654" /><testcase classname="tests.test_iter3.TestUsersCRUD" name="test_update_and_delete" time="0.550" /><testcase classname="tests.test_iter3.TestUsersCRUD" name="test_cannot_delete_self" time="0.102" /><testcase classname="tests.test_iter3.TestUsersCRUD" name="test_cannot_delete_last_admin" time="0.206" /><testcase classname="tests.test_iter3.TestRBAC" name="test_operator_cannot_call_other_branch_counter" time="0.310" /><testcase classname="tests.test_iter3.TestRBAC" name="test_operator_can_call_own_branch" time="0.517" /><testcase classname="tests.test_iter3.TestRBAC" name="test_operator_skip_other_branch_forbidden" time="0.449" /><testcase classname="tests.test_iter3.TestRestore" name="test_restore_flow_and_priority" time="1.185" /><testcase classname="tests.test_iter3.TestRestore" name="test_restore_non_skipped_400" time="0.527" /><testcase classname="tests.test_iter3.TestRecap" name="test_recap_has_operator_name" time="0.978" /><testcase classname="tests.test_iter3.TestRecap" name="test_operator_recap_scoped_to_own_branch" time="0.101" /><testcase classname="tests.test_iter3.TestSettingsBranding" name="test_get_settings_has_branding" time="0.135" /><testcase classname="tests.test_iter3.TestSettingsBranding" name="test_operator_cannot_update_settings" time="0.097" /><testcase classname="tests.test_iter3.TestSettingsBranding" name="test_admin_updates_branding_and_visible_in_state" time="0.577" /><testcase classname="tests.test_iter3.TestIdempotency" name="test_no_duplicates" time="0.229" /><testcase classname="tests.test_iter4.TestRecapExport" name="test_export_requires_auth" time="0.535" /><testcase classname="tests.test_iter4.TestRecapExport" name="test_admin_export_xlsx_valid" time="0.924" /><testcase classname="tests.test_iter4.TestRecapExport" name="test_operator_export_only_own_branch" time="0.600" /><testcase classname="tests.test_iter4.TestSurveys" name="test_survey_requires_auth" time="0.402" /><testcase classname="tests.test_iter4.TestSurveys" name="test_ticket_not_found_404" time="0.103" /><testcase classname="tests.test_iter4.TestSurveys" name="test_submit_survey_and_appears_in_recap" time="0.240" /><testcase classname="tests.test_iter4.TestSurveys" name="test_rating_clamped_high" time="0.101" /><testcase classname="tests.test_iter4.TestSurveys" name="test_rating_clamped_low" time="0.152" /><testcase classname="tests.test_iter4.TestSurveys" name="test_operator_cross_branch_survey_forbidden" time="0.356" /><testcase classname="tests.test_iter4.TestDBBackupRestore" name="test_backup_requires_admin" time="0.526" /><testcase classname="tests.test_iter4.TestDBBackupRestore" name="test_restore_requires_admin" time="0.203" /><testcase classname="tests.test_iter4.TestDBBackupRestore" name="test_backup_and_restore_roundtrip" time="0.616" /><testcase classname="tests.test_iter4.TestPrinterAndFooter" name="test_put_branch_printer_fields" time="0.303" /><testcase classname="tests.test_iter4.TestPrinterAndFooter" name="test_settings_footer_text_persists" time="0.772" /></testsuite></testsuites>