<?xml version="1.0" encoding="utf-8"?><testsuites name="pytest tests"><testsuite name="pytest" errors="0" failures="0" skipped="1" tests="48" time="82.603" timestamp="2026-07-11T16:17:39.858959+00:00" hostname="agent-env-4ae155ab-a5b6-4360-9ea5-2cda7165106e"><testcase classname="tests.backend_test.TestAuth" name="test_login_wrong_password" time="0.960" /><testcase classname="tests.backend_test.TestAuth" name="test_auth_me_with_token" time="0.104" /><testcase classname="tests.backend_test.TestAuth" name="test_auth_me_no_token" time="0.115" /><testcase classname="tests.backend_test.TestQueueState" name="test_queue_state_public" time="0.114" /><testcase classname="tests.backend_test.TestTickets" name="test_create_ticket_sequential" time="0.354" /><testcase classname="tests.backend_test.TestCallFlow" name="test_call_next_no_auth" time="0.274" /><testcase classname="tests.backend_test.TestCallFlow" name="test_call_next_flow" time="0.756" /><testcase classname="tests.backend_test.TestCallFlow" name="test_call_next_empty" time="0.308" /><testcase classname="tests.backend_test.TestCallFlow" name="test_recall_skip_complete" time="0.775" /><testcase classname="tests.backend_test.TestStats" name="test_stats_auth_required" time="0.116" /><testcase classname="tests.backend_test.TestStats" name="test_stats" time="0.103" /><testcase classname="tests.backend_test.TestCRUD" name="test_service_crud" time="0.486" /><testcase classname="tests.backend_test.TestCRUD" name="test_counter_crud" time="0.206" /><testcase classname="tests.backend_test.TestCRUD" name="test_settings_update" time="0.242" /><testcase classname="tests.backend_test.TestWebSocket" name="test_ws_broadcast" time="3.067" /><testcase classname="tests.test_branches" name="test_list_branches_public" time="0.212" /><testcase classname="tests.test_branches" name="test_create_branch_requires_auth" time="0.102" /><testcase classname="tests.test_branches" name="test_update_branch_requires_auth" time="0.160" /><testcase classname="tests.test_branches" name="test_delete_branch_requires_auth" time="0.096" /><testcase classname="tests.test_branches" name="test_services_counters_branch_filter" time="37.108" /><testcase classname="tests.test_branches" name="test_queue_state_filtered_and_settings" time="0.101" /><testcase classname="tests.test_branches" name="test_ticket_isolation_and_numbering" time="21.334" /><testcase classname="tests.test_branches" name="test_call_next_in_test_branch" time="0.216" /><testcase classname="tests.test_branches" name="test_stats_branch_filter" time="0.124" /><testcase classname="tests.test_branches" name="test_stats_overview" time="0.113" /><testcase classname="tests.test_branches" name="test_reset_only_target_branch" time="3.732" /><testcase classname="tests.test_branches" name="test_ws_broadcast_includes_branch_id" time="2.827" /><testcase classname="tests.test_branches" name="test_z_delete_last_branch_rejected" time="0.423"><skipped type="pytest.skip" message="Cannot reduce to 1 branch safely; 2 remain">/app/backend/tests/test_branches.py:244: Cannot reduce to 1 branch safely; 2 remain</skipped></testcase><testcase classname="tests.test_iter3.TestSeederV2" name="test_branches_seeded" time="0.102" /><testcase classname="tests.test_iter3.TestSeederV2" name="test_operator_users_seeded" time="0.426" /><testcase classname="tests.test_iter3.TestSeederV2" name="test_operator_can_login" time="0.709" /><testcase classname="tests.test_iter3.TestUsersCRUD" name="test_operator_forbidden" time="0.099" /><testcase classname="tests.test_iter3.TestUsersCRUD" name="test_no_auth_forbidden" time="0.106" /><testcase classname="tests.test_iter3.TestUsersCRUD" name="test_create_and_verify" time="0.631" /><testcase classname="tests.test_iter3.TestUsersCRUD" name="test_update_and_delete" time="0.542" /><testcase classname="tests.test_iter3.TestUsersCRUD" name="test_cannot_delete_self" time="0.110" /><testcase classname="tests.test_iter3.TestUsersCRUD" name="test_cannot_delete_last_admin" time="0.194" /><testcase classname="tests.test_iter3.TestRBAC" name="test_operator_cannot_call_other_branch_counter" time="0.367" /><testcase classname="tests.test_iter3.TestRBAC" name="test_operator_can_call_own_branch" time="0.532" /><testcase classname="tests.test_iter3.TestRBAC" name="test_operator_skip_other_branch_forbidden" time="0.433" /><testcase classname="tests.test_iter3.TestRestore" name="test_restore_flow_and_priority" time="1.167" /><testcase classname="tests.test_iter3.TestRestore" name="test_restore_non_skipped_400" time="0.483" /><testcase classname="tests.test_iter3.TestRecap" name="test_recap_has_operator_name" time="0.978" /><testcase classname="tests.test_iter3.TestRecap" name="test_operator_recap_scoped_to_own_branch" time="0.090" /><testcase classname="tests.test_iter3.TestSettingsBranding" name="test_get_settings_has_branding" time="0.101" /><testcase classname="tests.test_iter3.TestSettingsBranding" name="test_operator_cannot_update_settings" time="0.099" /><testcase classname="tests.test_iter3.TestSettingsBranding" name="test_admin_updates_branding_and_visible_in_state" time="0.583" /><testcase classname="tests.test_iter3.TestIdempotency" name="test_no_duplicates" time="0.247" /></testsuite></testsuites>