<?xml version="1.0" encoding="utf-8"?><testsuites name="pytest tests"><testsuite name="pytest" errors="0" failures="0" skipped="0" tests="13" time="7.228" timestamp="2026-07-11T15:47:30.408667+00:00" hostname="agent-env-4ae155ab-a5b6-4360-9ea5-2cda7165106e"><testcase classname="tests.test_branches" name="test_list_branches_public" time="0.785" /><testcase classname="tests.test_branches" name="test_create_branch_requires_auth" time="0.108" /><testcase classname="tests.test_branches" name="test_update_branch_requires_auth" time="0.098" /><testcase classname="tests.test_branches" name="test_delete_branch_requires_auth" time="0.097" /><testcase classname="tests.test_branches" name="test_services_counters_branch_filter" time="1.077" /><testcase classname="tests.test_branches" name="test_queue_state_filtered_and_settings" time="0.099" /><testcase classname="tests.test_branches" name="test_ticket_isolation_and_numbering" time="0.407" /><testcase classname="tests.test_branches" name="test_call_next_in_test_branch" time="0.211" /><testcase classname="tests.test_branches" name="test_stats_branch_filter" time="0.094" /><testcase classname="tests.test_branches" name="test_stats_overview" time="0.138" /><testcase classname="tests.test_branches" name="test_reset_only_target_branch" time="0.663" /><testcase classname="tests.test_branches" name="test_ws_broadcast_includes_branch_id" time="2.793" /><testcase classname="tests.test_branches" name="test_z_delete_last_branch_rejected" time="0.582" /></testsuite></testsuites>