<?xml version="1.0" encoding="utf-8"?><testsuites name="pytest tests"><testsuite name="pytest" errors="0" failures="1" skipped="0" tests="14" time="6.282" timestamp="2026-07-11T16:57:14.838245+00:00" hostname="agent-env-4ae155ab-a5b6-4360-9ea5-2cda7165106e"><testcase classname="tests.test_iter4.TestRecapExport" name="test_export_requires_auth" time="0.808" /><testcase classname="tests.test_iter4.TestRecapExport" name="test_admin_export_xlsx_valid" time="0.951" /><testcase classname="tests.test_iter4.TestRecapExport" name="test_operator_export_only_own_branch" time="0.461" /><testcase classname="tests.test_iter4.TestSurveys" name="test_survey_requires_auth" time="0.445" /><testcase classname="tests.test_iter4.TestSurveys" name="test_ticket_not_found_404" time="0.096" /><testcase classname="tests.test_iter4.TestSurveys" name="test_submit_survey_and_appears_in_recap" time="0.223" /><testcase classname="tests.test_iter4.TestSurveys" name="test_rating_clamped_high" time="0.146" /><testcase classname="tests.test_iter4.TestSurveys" name="test_rating_clamped_low" time="0.102" /><testcase classname="tests.test_iter4.TestSurveys" name="test_operator_cross_branch_survey_forbidden" time="0.418" /><testcase classname="tests.test_iter4.TestDBBackupRestore" name="test_backup_requires_admin" time="0.564" /><testcase classname="tests.test_iter4.TestDBBackupRestore" name="test_restore_requires_admin" time="0.211" /><testcase classname="tests.test_iter4.TestDBBackupRestore" name="test_backup_and_restore_roundtrip" time="0.571" /><testcase classname="tests.test_iter4.TestPrinterAndFooter" name="test_put_branch_printer_fields" time="0.128"><failure message="KeyError: 'printer_name'">backend/tests/test_iter4.py:247: in test_put_branch_printer_fields
    assert body["printer_name"] == "TEST_PRINTER_A"
           ^^^^^^^^^^^^^^^^^^^^
E   KeyError: 'printer_name'</failure></testcase><testcase classname="tests.test_iter4.TestPrinterAndFooter" name="test_settings_footer_text_persists" time="0.918" /></testsuite></testsuites>