<?xml version="1.0" encoding="utf-8"?><testsuites name="pytest tests"><testsuite name="pytest" errors="0" failures="0" skipped="0" tests="14" time="6.345" timestamp="2026-07-12T14:07:59.973995+00:00" hostname="agent-env-4ae155ab-a5b6-4360-9ea5-2cda7165106e"><testcase classname="tests.test_iter7_username_password.TestUsernameLogin" name="test_login_via_username" time="0.494" /><testcase classname="tests.test_iter7_username_password.TestUsernameLogin" name="test_login_via_email_still_works" time="0.374" /><testcase classname="tests.test_iter7_username_password.TestUsernameLogin" name="test_login_bad_username" time="0.103" /><testcase classname="tests.test_iter7_username_password.TestUserUsername" name="test_create_user_without_username" time="0.755" /><testcase classname="tests.test_iter7_username_password.TestUserUsername" name="test_create_user_with_username_lowercased" time="0.319" /><testcase classname="tests.test_iter7_username_password.TestUserUsername" name="test_login_with_created_username" time="0.432" /><testcase classname="tests.test_iter7_username_password.TestUserUsername" name="test_duplicate_username_rejected" time="0.101" /><testcase classname="tests.test_iter7_username_password.TestUserUsername" name="test_update_user_username" time="0.221" /><testcase classname="tests.test_iter7_username_password.TestUserUsername" name="test_update_duplicate_username_rejected" time="0.101" /><testcase classname="tests.test_iter7_username_password.TestUserUsername" name="test_cleanup_user" time="0.110" /><testcase classname="tests.test_iter7_username_password.TestChangePassword" name="test_change_password_wrong_current" time="0.971" /><testcase classname="tests.test_iter7_username_password.TestChangePassword" name="test_change_password_new_too_short" time="0.324" /><testcase classname="tests.test_iter7_username_password.TestChangePassword" name="test_change_password_no_auth" time="0.103" /><testcase classname="tests.test_iter7_username_password.TestChangePassword" name="test_change_password_success_and_login" time="1.871" /></testsuite></testsuites>