<?xml version="1.0" encoding="utf-8"?><testsuites name="pytest tests"><testsuite name="pytest" errors="0" failures="0" skipped="0" tests="20" time="8.781" timestamp="2026-07-11T16:17:26.500247+00:00" hostname="agent-env-4ae155ab-a5b6-4360-9ea5-2cda7165106e"><testcase classname="tests.test_iter3.TestSeederV2" name="test_branches_seeded" time="0.314" /><testcase classname="tests.test_iter3.TestSeederV2" name="test_operator_users_seeded" time="0.438" /><testcase classname="tests.test_iter3.TestSeederV2" name="test_operator_can_login" time="0.659" /><testcase classname="tests.test_iter3.TestUsersCRUD" name="test_operator_forbidden" time="0.111" /><testcase classname="tests.test_iter3.TestUsersCRUD" name="test_no_auth_forbidden" time="0.101" /><testcase classname="tests.test_iter3.TestUsersCRUD" name="test_create_and_verify" time="0.679" /><testcase classname="tests.test_iter3.TestUsersCRUD" name="test_update_and_delete" time="0.517" /><testcase classname="tests.test_iter3.TestUsersCRUD" name="test_cannot_delete_self" time="0.140" /><testcase classname="tests.test_iter3.TestUsersCRUD" name="test_cannot_delete_last_admin" time="0.280" /><testcase classname="tests.test_iter3.TestRBAC" name="test_operator_cannot_call_other_branch_counter" time="0.309" /><testcase classname="tests.test_iter3.TestRBAC" name="test_operator_can_call_own_branch" time="0.503" /><testcase classname="tests.test_iter3.TestRBAC" name="test_operator_skip_other_branch_forbidden" time="0.394" /><testcase classname="tests.test_iter3.TestRestore" name="test_restore_flow_and_priority" time="1.323" /><testcase classname="tests.test_iter3.TestRestore" name="test_restore_non_skipped_400" time="0.575" /><testcase classname="tests.test_iter3.TestRecap" name="test_recap_has_operator_name" time="1.061" /><testcase classname="tests.test_iter3.TestRecap" name="test_operator_recap_scoped_to_own_branch" time="0.098" /><testcase classname="tests.test_iter3.TestSettingsBranding" name="test_get_settings_has_branding" time="0.098" /><testcase classname="tests.test_iter3.TestSettingsBranding" name="test_operator_cannot_update_settings" time="0.104" /><testcase classname="tests.test_iter3.TestSettingsBranding" name="test_admin_updates_branding_and_visible_in_state" time="0.575" /><testcase classname="tests.test_iter3.TestIdempotency" name="test_no_duplicates" time="0.292" /></testsuite></testsuites>