<?xml version="1.0" encoding="utf-8"?><testsuites name="pytest tests"><testsuite name="pytest" errors="0" failures="0" skipped="0" tests="15" time="6.215" timestamp="2026-07-11T12:17:48.097116+00:00" hostname="agent-env-4ae155ab-a5b6-4360-9ea5-2cda7165106e"><testcase classname="tests.backend_test.TestCallFlow" name="test_call_next_no_auth" time="1.299" /><testcase classname="tests.backend_test.TestAuth" name="test_login_wrong_password" time="1.161" /><testcase classname="tests.backend_test.TestAuth" name="test_auth_me_with_token" time="0.120" /><testcase classname="tests.backend_test.TestAuth" name="test_auth_me_no_token" time="0.097" /><testcase classname="tests.backend_test.TestCallFlow" name="test_call_next_flow" time="0.628" /><testcase classname="tests.backend_test.TestCRUD" name="test_service_crud" time="0.530" /><testcase classname="tests.backend_test.TestCRUD" name="test_counter_crud" time="0.285" /><testcase classname="tests.backend_test.TestCallFlow" name="test_call_next_empty" time="0.339" /><testcase classname="tests.backend_test.TestCRUD" name="test_settings_update" time="0.237" /><testcase classname="tests.backend_test.TestCallFlow" name="test_recall_skip_complete" time="0.728" /><testcase classname="tests.backend_test.TestStats" name="test_stats_auth_required" time="0.094" /><testcase classname="tests.backend_test.TestStats" name="test_stats" time="0.097" /><testcase classname="tests.backend_test.TestWebSocket" name="test_ws_broadcast" time="3.010" /><testcase classname="tests.backend_test.TestQueueState" name="test_queue_state_public" time="0.106" /><testcase classname="tests.backend_test.TestTickets" name="test_create_ticket_sequential" time="0.299" /></testsuite></testsuites>